<?xml version="1.0" encoding="UTF-8"?>
<testsuite xmlns:xsi="http://www.w3.org/2001/XMLSchema-instance" xsi:noNamespaceSchemaLocation="https://maven.apache.org/surefire/maven-surefire-plugin/xsd/surefire-test-report-3.0.xsd" version="3.0" name="com.marangoni.purchasingproducer.service.OrderServiceImplTest" time="0.06" tests="1" errors="0" skipped="0" failures="0">
  <properties>
[...]
</properties>
  <testcase name="testGetOrder" classname="com.marangoni.purchasingproducer.service.OrderServiceImplTest" time="0.057">
    <system-out><![CDATA[2024-03-25T11:46:43.180-03:00  INFO 23952 --- [purchasing-processor-producer] [           main] c.m.p.services.OrderService              : Searching orders with itemName=item1, paymentStatus=PENDING, status=NEW
2024-03-25T11:46:43.186-03:00  INFO 23952 --- [purchasing-processor-producer] [           main] c.m.p.services.OrderService              : Found 1 orders
]]></system-out>
  </testcase>
</testsuite>